c:\users\jamesfitzgerald\desktop\drivebydefense-final\drivebydefense-master\towerdefense\debug\vc140.pdb
c:\users\jamesfitzgerald\desktop\drivebydefense-final\drivebydefense-master\towerdefense\debug\vc140.idb
c:\users\jamesfitzgerald\desktop\drivebydefense-final\drivebydefense-master\towerdefense\debug\controller.obj
c:\users\jamesfitzgerald\desktop\drivebydefense-final\drivebydefense-master\towerdefense\debug\enemy.obj
c:\users\jamesfitzgerald\desktop\drivebydefense-final\drivebydefense-master\towerdefense\debug\game.obj
c:\users\jamesfitzgerald\desktop\drivebydefense-final\drivebydefense-master\towerdefense\debug\inventory.obj
c:\users\jamesfitzgerald\desktop\drivebydefense-final\drivebydefense-master\towerdefense\debug\main.obj
c:\users\jamesfitzgerald\desktop\drivebydefense-final\drivebydefense-master\towerdefense\debug\model.obj
c:\users\jamesfitzgerald\desktop\drivebydefense-final\drivebydefense-master\towerdefense\debug\player.obj
c:\users\jamesfitzgerald\desktop\drivebydefense-final\drivebydefense-master\towerdefense\debug\powerups.obj
c:\users\jamesfitzgerald\desktop\drivebydefense-final\drivebydefense-master\towerdefense\debug\shopbox.obj
c:\users\jamesfitzgerald\desktop\drivebydefense-final\drivebydefense-master\towerdefense\debug\shopkeeper.obj
c:\users\jamesfitzgerald\desktop\drivebydefense-final\drivebydefense-master\towerdefense\debug\tower.obj
c:\users\jamesfitzgerald\desktop\drivebydefense-final\drivebydefense-master\towerdefense\debug\view.obj
c:\users\jamesfitzgerald\desktop\drivebydefense-final\drivebydefense-master\towerdefense\debug\wave.obj
c:\users\jamesfitzgerald\desktop\drivebydefense-final\drivebydefense-master\debug\towerdefense.ilk
c:\users\jamesfitzgerald\desktop\drivebydefense-final\drivebydefense-master\debug\towerdefense.exe
c:\users\jamesfitzgerald\desktop\drivebydefense-final\drivebydefense-master\debug\towerdefense.pdb
c:\users\jamesfitzgerald\desktop\drivebydefense-final\drivebydefense-master\towerdefense\debug\towerdefense.tlog\cl.command.1.tlog
c:\users\jamesfitzgerald\desktop\drivebydefense-final\drivebydefense-master\towerdefense\debug\towerdefense.tlog\cl.read.1.tlog
c:\users\jamesfitzgerald\desktop\drivebydefense-final\drivebydefense-master\towerdefense\debug\towerdefense.tlog\cl.write.1.tlog
c:\users\jamesfitzgerald\desktop\drivebydefense-final\drivebydefense-master\towerdefense\debug\towerdefense.tlog\link.command.1.tlog
c:\users\jamesfitzgerald\desktop\drivebydefense-final\drivebydefense-master\towerdefense\debug\towerdefense.tlog\link.read.1.tlog
c:\users\jamesfitzgerald\desktop\drivebydefense-final\drivebydefense-master\towerdefense\debug\towerdefense.tlog\link.write.1.tlog
